app/build/intermediates/manifest_merge_blame_file/release/manifest-merger-blame-release-report.txt
1<?xml version="1.0" encoding="utf-8"?>
2<manifest xmlns:android="http://schemas.android.com/apk/res/android"
3    package="club.anuil"
4    android:versionCode="1"
5    android:versionName="1.0" >
6
7    <uses-sdk
8        android:minSdkVersion="28"
8-->src\main\AndroidManifest.xml
9        android:targetSdkVersion="29" />
9-->src\main\AndroidManifest.xml
10    <!-- 添加权限 必须位于application前 -->
11    <!-- 拍照 -->
12    <uses-permission android:name="android.permission.CAMERA" /> <!-- 读写 -->
12-->src\main\AndroidManifest.xml:7:5-64
12-->src\main\AndroidManifest.xml:7:22-62
13    <uses-permission android:name="android.permission.WRITE_EXTERNAL_STORAGE" />
13-->src\main\AndroidManifest.xml:8:5-80
13-->src\main\AndroidManifest.xml:8:22-78
14    <uses-permission android:name="android.permission.PERMISSIONS_STORAGE" />
14-->src\main\AndroidManifest.xml:9:5-77
14-->src\main\AndroidManifest.xml:9:22-75
15    <uses-permission android:name="android.permission.INTERNET" />
15-->src\main\AndroidManifest.xml:10:5-66
15-->src\main\AndroidManifest.xml:10:22-64
16
17    <application
17-->src\main\AndroidManifest.xml:12:5-33:19
18        android:allowBackup="true"
18-->src\main\AndroidManifest.xml:13:13-39
19        android:appComponentFactory="androidx.core.app.CoreComponentFactory"
19-->[androidx.core:core:1.1.0] AndroidManifest.xml:24:18-86
20        android:icon="@mipmap/ic_launcher"
20-->src\main\AndroidManifest.xml:14:13-47
21        android:label="@string/app_name"
21-->src\main\AndroidManifest.xml:15:13-45
22        android:roundIcon="@mipmap/ic_launcher_round"
22-->src\main\AndroidManifest.xml:16:13-58
23        android:supportsRtl="true"
23-->src\main\AndroidManifest.xml:17:13-39
24        android:theme="@style/AppTheme" >
24-->src\main\AndroidManifest.xml:18:13-44
25        <activity android:name="club.anuil.activity.About" >
25-->src\main\AndroidManifest.xml:20:9-21:20
25-->src\main\AndroidManifest.xml:20:19-49
26        </activity>
27        <activity android:name="club.anuil.activity.ImgResult" >
27-->src\main\AndroidManifest.xml:22:9-23:20
27-->src\main\AndroidManifest.xml:22:19-53
28        </activity>
29        <activity android:name="club.anuil.activity.TakePicture" >
29-->src\main\AndroidManifest.xml:24:9-25:20
29-->src\main\AndroidManifest.xml:24:19-55
30        </activity>
31        <activity android:name="club.anuil.MainActivity" >
31-->src\main\AndroidManifest.xml:26:9-32:20
31-->src\main\AndroidManifest.xml:26:19-47
32            <intent-filter>
32-->src\main\AndroidManifest.xml:27:13-31:29
33                <action android:name="android.intent.action.MAIN" />
33-->src\main\AndroidManifest.xml:28:17-68
33-->src\main\AndroidManifest.xml:28:25-66
34
35                <category android:name="android.intent.category.LAUNCHER" />
35-->src\main\AndroidManifest.xml:30:17-76
35-->src\main\AndroidManifest.xml:30:27-74
36            </intent-filter>
37        </activity>
38    </application>
39
40</manifest>